<?xml version="1.0" encoding="UTF-8"?>
<robot generator="Robot 5.0 (Python 3.9.2 on win32)" generated="20220412 22:53:22.737" rpa="false" schemaversion="3">
<suite id="s1" name="Test-Signin" source="D:\TypeScript\robot-test\test-signin.robot">
<test id="s1-t1" name="T0001 Sign-in valid with username and password" line="20">
<kw name="Open Browser" library="Selenium2Library">
<arg>${url_signin}</arg>
<arg>chrome</arg>
<doc>Opens a new browser instance to the optional ``url``.</doc>
<msg timestamp="20220412 22:53:22.908" level="INFO">Opening browser 'chrome' to base url 'https://spd-ce.github.io/fortesting/signin.html'.</msg>
<status status="PASS" starttime="20220412 22:53:22.907" endtime="20220412 22:53:24.677"/>
</kw>
<kw name="Title Should Be" library="Selenium2Library">
<arg>Sign In</arg>
<doc>Verifies that the current page title equals ``title``.</doc>
<msg timestamp="20220412 22:53:24.682" level="INFO">Page title is 'Sign In'.</msg>
<status status="PASS" starttime="20220412 22:53:24.678" endtime="20220412 22:53:24.682"/>
</kw>
<kw name="Input Text" library="Selenium2Library">
<arg>${textbox_username}</arg>
<arg>cekmitl</arg>
<doc>Types the given ``text`` into the text field identified by ``locator``.</doc>
<msg timestamp="20220412 22:53:24.683" level="INFO">Typing text 'cekmitl' into text field '//*[@id="txt_username"]'.</msg>
<status status="PASS" starttime="20220412 22:53:24.682" endtime="20220412 22:53:24.742"/>
</kw>
<kw name="Input Text" library="Selenium2Library">
<arg>${textbox_password}</arg>
<arg>ecc56789</arg>
<doc>Types the given ``text`` into the text field identified by ``locator``.</doc>
<msg timestamp="20220412 22:53:24.743" level="INFO">Typing text 'ecc56789' into text field '//*[@id="txt_password"]'.</msg>
<status status="PASS" starttime="20220412 22:53:24.743" endtime="20220412 22:53:24.803"/>
</kw>
<kw name="Click Element" library="Selenium2Library">
<arg>${button_signin}</arg>
<doc>Click the element identified by ``locator``.</doc>
<msg timestamp="20220412 22:53:24.804" level="INFO">Clicking element '//*[@id="btn_signin"]'.</msg>
<status status="PASS" starttime="20220412 22:53:24.804" endtime="20220412 22:53:25.498"/>
</kw>
<kw name="Title Should Be" library="Selenium2Library">
<arg>Home</arg>
<doc>Verifies that the current page title equals ``title``.</doc>
<msg timestamp="20220412 22:53:25.503" level="INFO">Page title is 'Home'.</msg>
<status status="PASS" starttime="20220412 22:53:25.499" endtime="20220412 22:53:25.503"/>
</kw>
<kw name="Close Browser" library="Selenium2Library" type="TEARDOWN">
<doc>Closes the current browser.</doc>
<status status="PASS" starttime="20220412 22:53:25.504" endtime="20220412 22:53:27.630"/>
</kw>
<tag>successful-case</tag>
<status status="PASS" starttime="20220412 22:53:22.907" endtime="20220412 22:53:27.631"/>
</test>
<test id="s1-t2" name="T0002 Sign-in with valid username and invalid password" line="30">
<kw name="Open Browser" library="Selenium2Library">
<arg>${url_signin}</arg>
<arg>chrome</arg>
<doc>Opens a new browser instance to the optional ``url``.</doc>
<msg timestamp="20220412 22:53:27.633" level="INFO">Opening browser 'chrome' to base url 'https://spd-ce.github.io/fortesting/signin.html'.</msg>
<status status="PASS" starttime="20220412 22:53:27.633" endtime="20220412 22:53:29.125"/>
</kw>
<kw name="Title Should Be" library="Selenium2Library">
<arg>Sign In</arg>
<doc>Verifies that the current page title equals ``title``.</doc>
<msg timestamp="20220412 22:53:29.130" level="INFO">Page title is 'Sign In'.</msg>
<status status="PASS" starttime="20220412 22:53:29.126" endtime="20220412 22:53:29.131"/>
</kw>
<kw name="Input Text" library="Selenium2Library">
<arg>${textbox_username}</arg>
<arg>cekmitl</arg>
<doc>Types the given ``text`` into the text field identified by ``locator``.</doc>
<msg timestamp="20220412 22:53:29.131" level="INFO">Typing text 'cekmitl' into text field '//*[@id="txt_username"]'.</msg>
<status status="PASS" starttime="20220412 22:53:29.131" endtime="20220412 22:53:29.201"/>
</kw>
<kw name="Input Text" library="Selenium2Library">
<arg>${textbox_password}</arg>
<arg>ecc56789_x</arg>
<doc>Types the given ``text`` into the text field identified by ``locator``.</doc>
<msg timestamp="20220412 22:53:29.202" level="INFO">Typing text 'ecc56789_x' into text field '//*[@id="txt_password"]'.</msg>
<status status="PASS" starttime="20220412 22:53:29.201" endtime="20220412 22:53:29.264"/>
</kw>
<kw name="Click Element" library="Selenium2Library">
<arg>${button_signin}</arg>
<doc>Click the element identified by ``locator``.</doc>
<msg timestamp="20220412 22:53:29.265" level="INFO">Clicking element '//*[@id="btn_signin"]'.</msg>
<status status="PASS" starttime="20220412 22:53:29.265" endtime="20220412 22:53:29.765"/>
</kw>
<kw name="Element Should Contain" library="Selenium2Library">
<arg>${alert_box_error}</arg>
<arg>Please enter valid username and password!</arg>
<doc>Verifies that element ``locator`` contains text ``expected``.</doc>
<msg timestamp="20220412 22:53:29.942" level="INFO" html="true">&lt;/td&gt;&lt;/tr&gt;&lt;tr&gt;&lt;td colspan="3"&gt;&lt;a href="selenium-screenshot-3.png"&gt;&lt;img src="selenium-screenshot-3.png" width="800px"&gt;&lt;/a&gt;</msg>
<msg timestamp="20220412 22:53:29.942" level="FAIL">Element with locator '//*[@id="error_alert"]' not found.</msg>
<status status="FAIL" starttime="20220412 22:53:29.766" endtime="20220412 22:53:29.943"/>
</kw>
<kw name="Close Browser" library="Selenium2Library" type="TEARDOWN">
<doc>Closes the current browser.</doc>
<status status="PASS" starttime="20220412 22:53:29.944" endtime="20220412 22:53:32.052"/>
</kw>
<tag>failed-case</tag>
<status status="FAIL" starttime="20220412 22:53:27.632" endtime="20220412 22:53:32.052">Element with locator '//*[@id="error_alert"]' not found.</status>
</test>
<test id="s1-t3" name="T0003 Sign-in with invalid username and valid password" line="39">
<kw name="Open Browser" library="Selenium2Library">
<arg>${url_signin}</arg>
<arg>chrome</arg>
<doc>Opens a new browser instance to the optional ``url``.</doc>
<msg timestamp="20220412 22:53:32.055" level="INFO">Opening browser 'chrome' to base url 'https://spd-ce.github.io/fortesting/signin.html'.</msg>
<status status="PASS" starttime="20220412 22:53:32.055" endtime="20220412 22:53:33.611"/>
</kw>
<kw name="Title Should Be" library="Selenium2Library">
<arg>Sign In</arg>
<doc>Verifies that the current page title equals ``title``.</doc>
<msg timestamp="20220412 22:53:33.616" level="INFO">Page title is 'Sign In'.</msg>
<status status="PASS" starttime="20220412 22:53:33.611" endtime="20220412 22:53:33.616"/>
</kw>
<kw name="Input Text" library="Selenium2Library">
<arg>${textbox_username}</arg>
<arg>cekmitl_x</arg>
<doc>Types the given ``text`` into the text field identified by ``locator``.</doc>
<msg timestamp="20220412 22:53:33.616" level="INFO">Typing text 'cekmitl_x' into text field '//*[@id="txt_username"]'.</msg>
<status status="PASS" starttime="20220412 22:53:33.616" endtime="20220412 22:53:33.680"/>
</kw>
<kw name="Input Text" library="Selenium2Library">
<arg>${textbox_password}</arg>
<arg>ecc56789</arg>
<doc>Types the given ``text`` into the text field identified by ``locator``.</doc>
<msg timestamp="20220412 22:53:33.680" level="INFO">Typing text 'ecc56789' into text field '//*[@id="txt_password"]'.</msg>
<status status="PASS" starttime="20220412 22:53:33.680" endtime="20220412 22:53:33.742"/>
</kw>
<kw name="Click Element" library="Selenium2Library">
<arg>${button_signin}</arg>
<doc>Click the element identified by ``locator``.</doc>
<msg timestamp="20220412 22:53:33.743" level="INFO">Clicking element '//*[@id="btn_signin"]'.</msg>
<status status="PASS" starttime="20220412 22:53:33.743" endtime="20220412 22:53:34.338"/>
</kw>
<kw name="Element Should Contain" library="Selenium2Library">
<arg>${alert_box_error}</arg>
<arg>Please enter valid username and password!</arg>
<doc>Verifies that element ``locator`` contains text ``expected``.</doc>
<msg timestamp="20220412 22:53:34.517" level="INFO" html="true">&lt;/td&gt;&lt;/tr&gt;&lt;tr&gt;&lt;td colspan="3"&gt;&lt;a href="selenium-screenshot-4.png"&gt;&lt;img src="selenium-screenshot-4.png" width="800px"&gt;&lt;/a&gt;</msg>
<msg timestamp="20220412 22:53:34.517" level="FAIL">Element with locator '//*[@id="error_alert"]' not found.</msg>
<status status="FAIL" starttime="20220412 22:53:34.338" endtime="20220412 22:53:34.517"/>
</kw>
<kw name="Close Browser" library="Selenium2Library" type="TEARDOWN">
<doc>Closes the current browser.</doc>
<status status="PASS" starttime="20220412 22:53:34.518" endtime="20220412 22:53:36.642"/>
</kw>
<tag>failed-case</tag>
<status status="FAIL" starttime="20220412 22:53:32.054" endtime="20220412 22:53:36.642">Element with locator '//*[@id="error_alert"]' not found.</status>
</test>
<test id="s1-t4" name="T0004 Sign-in with invalid username and invalid password" line="49">
<kw name="Open Browser" library="Selenium2Library">
<arg>${url_signin}</arg>
<arg>chrome</arg>
<doc>Opens a new browser instance to the optional ``url``.</doc>
<msg timestamp="20220412 22:53:36.644" level="INFO">Opening browser 'chrome' to base url 'https://spd-ce.github.io/fortesting/signin.html'.</msg>
<status status="PASS" starttime="20220412 22:53:36.644" endtime="20220412 22:53:38.201"/>
</kw>
<kw name="Title Should Be" library="Selenium2Library">
<arg>Sign In</arg>
<doc>Verifies that the current page title equals ``title``.</doc>
<msg timestamp="20220412 22:53:38.205" level="INFO">Page title is 'Sign In'.</msg>
<status status="PASS" starttime="20220412 22:53:38.201" endtime="20220412 22:53:38.205"/>
</kw>
<kw name="Input Text" library="Selenium2Library">
<arg>${textbox_username}</arg>
<arg>cekmitl_x</arg>
<doc>Types the given ``text`` into the text field identified by ``locator``.</doc>
<msg timestamp="20220412 22:53:38.206" level="INFO">Typing text 'cekmitl_x' into text field '//*[@id="txt_username"]'.</msg>
<status status="PASS" starttime="20220412 22:53:38.205" endtime="20220412 22:53:38.276"/>
</kw>
<kw name="Input Text" library="Selenium2Library">
<arg>${textbox_password}</arg>
<arg>ecc56789_x</arg>
<doc>Types the given ``text`` into the text field identified by ``locator``.</doc>
<msg timestamp="20220412 22:53:38.276" level="INFO">Typing text 'ecc56789_x' into text field '//*[@id="txt_password"]'.</msg>
<status status="PASS" starttime="20220412 22:53:38.276" endtime="20220412 22:53:38.336"/>
</kw>
<kw name="Click Element" library="Selenium2Library">
<arg>${button_signin}</arg>
<doc>Click the element identified by ``locator``.</doc>
<msg timestamp="20220412 22:53:38.337" level="INFO">Clicking element '//*[@id="btn_signin"]'.</msg>
<status status="PASS" starttime="20220412 22:53:38.337" endtime="20220412 22:53:38.372"/>
</kw>
<kw name="Element Should Contain" library="Selenium2Library">
<arg>${alert_box_error}</arg>
<arg>Please enter valid username and password!</arg>
<doc>Verifies that element ``locator`` contains text ``expected``.</doc>
<msg timestamp="20220412 22:53:38.390" level="INFO">Element '//*[@id="error_alert"]' contains text 'Please enter valid username and password!'.</msg>
<status status="PASS" starttime="20220412 22:53:38.373" endtime="20220412 22:53:38.390"/>
</kw>
<kw name="Close Browser" library="Selenium2Library" type="TEARDOWN">
<doc>Closes the current browser.</doc>
<status status="PASS" starttime="20220412 22:53:38.390" endtime="20220412 22:53:40.484"/>
</kw>
<tag>failed-case</tag>
<status status="PASS" starttime="20220412 22:53:36.643" endtime="20220412 22:53:40.485"/>
</test>
<status status="FAIL" starttime="20220412 22:53:22.738" endtime="20220412 22:53:40.486"/>
</suite>
<statistics>
<total>
<stat pass="2" fail="2" skip="0">All Tests</stat>
</total>
<tag>
<stat pass="1" fail="2" skip="0">failed-case</stat>
<stat pass="1" fail="0" skip="0">successful-case</stat>
</tag>
<suite>
<stat pass="2" fail="2" skip="0" id="s1" name="Test-Signin">Test-Signin</stat>
</suite>
</statistics>
<errors>
</errors>
</robot>
